<?xml version="1.0" encoding="UTF-8"?>
<!-- Generated by org.testng.reporters.JUnitReportReporter -->
<testsuite hostname="Maan" name="sanityTest.TestNGTest" tests="1" failures="0" timestamp="2 Jun 2016 15:20:17 GMT" time="13.590" errors="0">
  <testcase name="verfiyTitle" time="13.590" classname="sanityTest.TestNGTest"/>
</testsuite> <!-- sanityTest.TestNGTest -->
