<?xml version="1.0" encoding="UTF-8"?>
<!-- Generated by org.testng.reporters.JUnitReportReporter -->
<testsuite hostname="Maan" name="sanityTest.NewTest4" tests="3" failures="0" timestamp="2 Jun 2016 20:44:37 GMT" time="0.025" errors="0">
  <testcase name="testCase2" time="0.002" classname="sanityTest.NewTest4"/>
  <testcase name="testCase1" time="0.019" classname="sanityTest.NewTest4"/>
  <testcase name="testCase3" time="0.004" classname="sanityTest.NewTest4"/>
</testsuite> <!-- sanityTest.NewTest4 -->
