<?xml version="1.0" encoding="UTF-8"?>
<!-- Generated by org.testng.reporters.JUnitReportReporter -->
<testsuite hostname="Maan" name="sanityTest.NewTest2" tests="3" failures="0" timestamp="2 Jun 2016 20:02:29 GMT" time="0.016" errors="0">
  <testcase name="deleteVendor" time="0.006" classname="sanityTest.NewTest2"/>
  <testcase name="deleteCurrency" time="0.005" classname="sanityTest.NewTest2"/>
  <testcase name="deleteProduct" time="0.005" classname="sanityTest.NewTest2"/>
</testsuite> <!-- sanityTest.NewTest2 -->
