<?xml version="1.0" encoding="UTF-8"?>
<!-- Generated by org.testng.reporters.JUnitReportReporter -->
<testsuite hostname="Maan" name="sanityTest.NewTest5" tests="3" failures="0" timestamp="2 Jun 2016 20:44:37 GMT" time="0.024" errors="0">
  <testcase name="testCase4" time="0.019" classname="sanityTest.NewTest5"/>
  <testcase name="testCase6" time="0.003" classname="sanityTest.NewTest5"/>
  <testcase name="testCase5" time="0.002" classname="sanityTest.NewTest5"/>
</testsuite> <!-- sanityTest.NewTest5 -->
