<?xml version="1.0" encoding="UTF-8"?>
<!-- Generated by org.testng.reporters.JUnitReportReporter -->
<testsuite hostname="Maan" name="sanityTest.NewTest1" tests="3" failures="0" timestamp="2 Jun 2016 20:02:29 GMT" time="0.027" errors="0">
  <testcase name="addVendor" time="0.005" classname="sanityTest.NewTest1"/>
  <testcase name="addCurrency" time="0.019" classname="sanityTest.NewTest1"/>
  <testcase name="addProduct" time="0.003" classname="sanityTest.NewTest1"/>
</testsuite> <!-- sanityTest.NewTest1 -->
